#
# A fatal error has been detected by the Java Runtime Environment:
#
#  EXCEPTION_ACCESS_VIOLATION (0xc0000005) at pc=0x00007ffc14026599, pid=34168, tid=34688
#
# JRE version: Java(TM) SE Runtime Environment 18.9 (11.0.13+10) (build 11.0.13+10-LTS-370)
# Java VM: Java HotSpot(TM) 64-Bit Server VM 18.9 (11.0.13+10-LTS-370, mixed mode, tiered, compressed oops, g1 gc, windows-amd64)
# Problematic frame:
# V  [jvm.dll+0x236599]
#
# No core dump will be written. Minidumps are not enabled by default on client versions of Windows
#
# If you would like to submit a bug report, please visit:
#   https://bugreport.java.com/bugreport/crash.jsp
#

---------------  S U M M A R Y ------------

Command Line: -agentlib:jdwp=transport=dt_socket,suspend=y,address=localhost:56339 -ea -javaagent:C:\Users\rames\eclipse\jee-2021-12\eclipse\configuration\org.eclipse.osgi\418\0\.cp\lib\javaagent-shaded.jar -Dfile.encoding=UTF-8 org.eclipse.jdt.internal.junit.runner.RemoteTestRunner -version 3 -port 56338 -testLoaderClass org.eclipse.jdt.internal.junit4.runner.JUnit4TestLoader -loaderpluginname org.eclipse.jdt.junit4.runtime -test net.java.authService.service.UserServiceImplTest:testRegisterWithException

Host: 11th Gen Intel(R) Core(TM) i5-11320H @ 3.20GHz, 8 cores, 15G,  Windows 10 , 64 bit Build 22000 (10.0.22000.675)
Time: Mon Jun 13 12:09:45 2022 India Standard Time elapsed time: 375.324510 seconds (0d 0h 6m 15s)

---------------  T H R E A D  ---------------

Current thread (0x000001ea63720800):  VMThread "VM Thread" [stack: 0x000000c96b100000,0x000000c96b200000] [id=34688]

Stack: [0x000000c96b100000,0x000000c96b200000],  sp=0x000000c96b1fe7f8,  free space=1017k
Native frames: (J=compiled Java code, j=interpreted, Vv=VM code, C=native code)
V  [jvm.dll+0x236599]


siginfo: EXCEPTION_ACCESS_VIOLATION (0xc0000005), reading address 0x000001ea66242510


Register to memory mapping:

RIP=0x00007ffc14026599 jvm.dll
RAX=0x0000000000194100 is an unknown value
RBX=0x000001ea65f6a1d0 is pointing into metadata
RCX=0x000001ea660ae410 is pointing into metadata
RDX=0x000000000000ca07 is an unknown value
RSP=0x000000c96b1fe7f8 points into unknown readable memory: 0x00007ffc1402661e | 1e 66 02 14 fc 7f 00 00
RBP=0x000000c96b1fedb0 points into unknown readable memory: 0x000001ea636df7d8 | d8 f7 6d 63 ea 01 00 00
RSI=0x000000c96b1fef20 points into unknown readable memory: 0x00007ffc1469ec58 | 58 ec 69 14 fc 7f 00 00
RDI=0x000000c96b1fef20 points into unknown readable memory: 0x00007ffc1469ec58 | 58 ec 69 14 fc 7f 00 00
R8 =0x0 is NULL
R9 =0x000001ea65f6a1d0 is pointing into metadata
R10=0x00007ffc13df0000 jvm.dll
R11={method} {0x000001ea65f6abb8} 'testRegisterWithException' '()V' in 'net/java/authService/service/UserServiceImplTest'
R12=0x000001ea636df4b0 points into unknown readable memory: 0x000000001469c400 | 00 c4 69 14 00 00 00 00
R13=0x0 is NULL
R14=0x000001ea65f6ab49 is pointing into metadata
R15=0x0000000000000042 is an unknown value


Registers:
RAX=0x0000000000194100, RBX=0x000001ea65f6a1d0, RCX=0x000001ea660ae410, RDX=0x000000000000ca07
RSP=0x000000c96b1fe7f8, RBP=0x000000c96b1fedb0, RSI=0x000000c96b1fef20, RDI=0x000000c96b1fef20
R8 =0x0000000000000000, R9 =0x000001ea65f6a1d0, R10=0x00007ffc13df0000, R11=0x000001ea65f6abb0
R12=0x000001ea636df4b0, R13=0x0000000000000000, R14=0x000001ea65f6ab49, R15=0x0000000000000042
RIP=0x00007ffc14026599, EFLAGS=0x0000000000010206

Top of Stack: (sp=0x000000c96b1fe7f8)
0x000000c96b1fe7f8:   00007ffc1402661e 0000000000000400
0x000000c96b1fe808:   00007ffc1449a31b 000001ea3eb30000
0x000000c96b1fe818:   000000c96b1feb09 0000000000000000
0x000000c96b1fe828:   00007ffc141064e0 0000000000000000
0x000000c96b1fe838:   000000c96b1fef20 000000000000000c
0x000000c96b1fe848:   000001ea66088898 00007ffc13df0000
0x000000c96b1fe858:   ffffffffffffffff 00007ffc1465e2d8
0x000000c96b1fe868:   000001ea63687d00 0000000000000003
0x000000c96b1fe878:   00007ffc0000000c 000000c96b1fe8a0
0x000000c96b1fe888:   000000c900000001 000000004600001c
0x000000c96b1fe898:   00007ffc8125541a 4fffffff2fffffff
0x000000c96b1fe8a8:   00007ffc812900bf 00007ffc1465e2d8
0x000000c96b1fe8b8:   000001ea65222de0 000000000000004d
0x000000c96b1fe8c8:   000000000000000e 0000000000000000
0x000000c96b1fe8d8:   00007ffc812539aa 000000c96b1fe9f0
0x000000c96b1fe8e8:   0000000000000000 0000000000000000 

Instructions: (pc=0x00007ffc14026599)
0x00007ffc14026579:   c2 48 ff c0 48 c1 e0 05 48 8b 04 08 0f b7 c8 41
0x00007ffc14026589:   0f b7 44 c9 42 c3 48 63 c2 48 ff c0 48 c1 e0 05
0x00007ffc14026599:   48 8b 04 08 0f b7 d0 48 63 c2 41 0f b7 44 c1 42
0x00007ffc140265a9:   c3 49 8b 41 08 48 63 ca 0f b6 44 01 04 3c 12 74 


Stack slot to memory mapping:
stack at sp + 0 slots: 0x00007ffc1402661e jvm.dll
stack at sp + 1 slots: 0x0000000000000400 is an unknown value
stack at sp + 2 slots: 0x00007ffc1449a31b jvm.dll
stack at sp + 3 slots: 0x000001ea3eb30000 points into unknown readable memory: 0x0000000000000000 | 00 00 00 00 00 00 00 00
stack at sp + 4 slots: 0x000000c96b1feb09 points into unknown readable memory: 6c 1c 64 ea 01 00 00
stack at sp + 5 slots: 0x0 is NULL
stack at sp + 6 slots: 0x00007ffc141064e0 jvm.dll
stack at sp + 7 slots: 0x0 is NULL

VM_Operation (0x000000c96bcff940): GetOrSetLocal, mode: safepoint, requested by thread 0x000001ea6444f000


---------------  P R O C E S S  ---------------

Threads class SMR info:
_java_thread_list=0x000001ea64c2f890, length=14, elements={
0x000001ea40cb0800, 0x000001ea63722800, 0x000001ea6372b800, 0x000001ea6373e000,
0x000001ea64028800, 0x000001ea64029800, 0x000001ea6402a800, 0x000001ea64040800,
0x000001ea6404c000, 0x000001ea642cf800, 0x000001ea6444f000, 0x000001ea6430b000,
0x000001ea6430c800, 0x000001ea6494f000
}

Java Threads: ( => current thread )
  0x000001ea40cb0800 JavaThread "main" [_thread_blocked, id=11420, stack(0x000000c96ab00000,0x000000c96ac00000)]
  0x000001ea63722800 JavaThread "Reference Handler" daemon [_thread_blocked, id=28688, stack(0x000000c96b200000,0x000000c96b300000)]
  0x000001ea6372b800 JavaThread "Finalizer" daemon [_thread_blocked, id=35908, stack(0x000000c96b300000,0x000000c96b400000)]
  0x000001ea6373e000 JavaThread "Signal Dispatcher" daemon [_thread_blocked, id=35724, stack(0x000000c96b400000,0x000000c96b500000)]
  0x000001ea64028800 JavaThread "Attach Listener" daemon [_thread_blocked, id=12248, stack(0x000000c96b500000,0x000000c96b600000)]
  0x000001ea64029800 JavaThread "Service Thread" daemon [_thread_blocked, id=27800, stack(0x000000c96b600000,0x000000c96b700000)]
  0x000001ea6402a800 JavaThread "C2 CompilerThread0" daemon [_thread_blocked, id=28180, stack(0x000000c96b700000,0x000000c96b800000)]
  0x000001ea64040800 JavaThread "C1 CompilerThread0" daemon [_thread_blocked, id=27980, stack(0x000000c96b800000,0x000000c96b900000)]
  0x000001ea6404c000 JavaThread "Sweeper thread" daemon [_thread_blocked, id=24664, stack(0x000000c96b900000,0x000000c96ba00000)]
  0x000001ea642cf800 JavaThread "Common-Cleaner" daemon [_thread_blocked, id=39680, stack(0x000000c96ba00000,0x000000c96bb00000)]
  0x000001ea6444f000 JavaThread "JDWP Transport Listener: dt_socket" daemon [_thread_blocked, id=28276, stack(0x000000c96bc00000,0x000000c96bd00000)] _threads_hazard_ptr=0x000001ea64c2f890
  0x000001ea6430b000 JavaThread "JDWP Event Helper Thread" daemon [_thread_blocked, id=7744, stack(0x000000c96bd00000,0x000000c96be00000)]
  0x000001ea6430c800 JavaThread "JDWP Command Reader" daemon [_thread_in_native, id=35104, stack(0x000000c96be00000,0x000000c96bf00000)]
  0x000001ea6494f000 JavaThread "ReaderThread" [_thread_in_native, id=40860, stack(0x000000c96c000000,0x000000c96c100000)]

Other Threads:
=>0x000001ea63720800 VMThread "VM Thread" [stack: 0x000000c96b100000,0x000000c96b200000] [id=34688]
  0x000001ea645be000 WatcherThread [stack: 0x000000c96bf00000,0x000000c96c000000] [id=36036]
  0x000001ea40cc5800 GCTaskThread "GC Thread#0" [stack: 0x000000c96ac00000,0x000000c96ad00000] [id=38836]
  0x000001ea64c2c800 GCTaskThread "GC Thread#1" [stack: 0x000000c96c100000,0x000000c96c200000] [id=6320]
  0x000001ea64c28800 GCTaskThread "GC Thread#2" [stack: 0x000000c96c200000,0x000000c96c300000] [id=39324]
  0x000001ea64c2b000 GCTaskThread "GC Thread#3" [stack: 0x000000c96c300000,0x000000c96c400000] [id=39564]
  0x000001ea64c27000 GCTaskThread "GC Thread#4" [stack: 0x000000c96c400000,0x000000c96c500000] [id=19356]
  0x000001ea64c2c000 GCTaskThread "GC Thread#5" [stack: 0x000000c96c500000,0x000000c96c600000] [id=35952]
  0x000001ea40d20800 ConcurrentGCThread "G1 Main Marker" [stack: 0x000000c96ad00000,0x000000c96ae00000] [id=36984]
  0x000001ea40d25000 ConcurrentGCThread "G1 Conc#0" [stack: 0x000000c96ae00000,0x000000c96af00000] [id=17752]
  0x000001ea6360c800 ConcurrentGCThread "G1 Refine#0" [stack: 0x000000c96af00000,0x000000c96b000000] [id=26460]
  0x000001ea6360e800 ConcurrentGCThread "G1 Young RemSet Sampling" [stack: 0x000000c96b000000,0x000000c96b100000] [id=35216]

Threads with active compile tasks:

VM state:at safepoint (normal execution)

VM Mutex/Monitor currently owned by a thread:  ([mutex/lock_event])
[0x000001ea40caca80] Threads_lock - owner thread: 0x000001ea63720800

Heap address: 0x0000000704000000, size: 4032 MB, Compressed Oops mode: Zero based, Oop shift amount: 3
Narrow klass base: 0x0000000800000000, Narrow klass shift: 0
Compressed class space size: 1073741824 Address: 0x0000000800000000

Heap:
 garbage-first heap   total 258048K, used 30079K [0x0000000704000000, 0x0000000800000000)
  region size 1024K, 22 young (22528K), 2 survivors (2048K)
 Metaspace       used 16443K, capacity 16605K, committed 16768K, reserved 1064960K
  class space    used 2006K, capacity 2075K, committed 2176K, reserved 1048576K
Heap Regions: E=young(eden), S=young(survivor), O=old, HS=humongous(starts), HC=humongous(continues), CS=collection set, F=free, A=archive, TAMS=top-at-mark-start (previous, next)
|   0|0x0000000704000000, 0x0000000704100000, 0x0000000704100000|100%| O|  |TAMS 0x0000000704000000, 0x0000000704000000| Untracked 
|   1|0x0000000704100000, 0x0000000704200000, 0x0000000704200000|100%|HS|  |TAMS 0x0000000704100000, 0x0000000704100000| Complete 
|   2|0x0000000704200000, 0x0000000704300000, 0x0000000704300000|100%| O|  |TAMS 0x0000000704200000, 0x0000000704200000| Untracked 
|   3|0x0000000704300000, 0x0000000704400000, 0x0000000704400000|100%| O|  |TAMS 0x0000000704300000, 0x0000000704300000| Untracked 
|   4|0x0000000704400000, 0x0000000704500000, 0x0000000704500000|100%| O|  |TAMS 0x0000000704400000, 0x0000000704400000| Untracked 
|   5|0x0000000704500000, 0x0000000704600000, 0x0000000704600000|100%| O|  |TAMS 0x0000000704500000, 0x0000000704500000| Untracked 
|   6|0x0000000704600000, 0x0000000704700000, 0x0000000704700000|100%| O|  |TAMS 0x0000000704600000, 0x0000000704600000| Untracked 
|   7|0x0000000704700000, 0x0000000704800000, 0x0000000704800000|100%| O|  |TAMS 0x0000000704700000, 0x0000000704700000| Untracked 
|   8|0x0000000704800000, 0x0000000704900000, 0x0000000704900000|100%| O|  |TAMS 0x0000000704800000, 0x0000000704800000| Untracked 
|   9|0x0000000704900000, 0x0000000704949600, 0x0000000704a00000| 28%| O|  |TAMS 0x0000000704900000, 0x0000000704900000| Untracked 
|  10|0x0000000704a00000, 0x0000000704a00000, 0x0000000704b00000|  0%| F|  |TAMS 0x0000000704a00000, 0x0000000704a00000| Untracked 
|  11|0x0000000704b00000, 0x0000000704b00000, 0x0000000704c00000|  0%| F|  |TAMS 0x0000000704b00000, 0x0000000704b00000| Untracked 
|  12|0x0000000704c00000, 0x0000000704c00000, 0x0000000704d00000|  0%| F|  |TAMS 0x0000000704c00000, 0x0000000704c00000| Untracked 
|  13|0x0000000704d00000, 0x0000000704d00000, 0x0000000704e00000|  0%| F|  |TAMS 0x0000000704d00000, 0x0000000704d00000| Untracked 
|  14|0x0000000704e00000, 0x0000000704e00000, 0x0000000704f00000|  0%| F|  |TAMS 0x0000000704e00000, 0x0000000704e00000| Untracked 
|  15|0x0000000704f00000, 0x0000000704f00000, 0x0000000705000000|  0%| F|  |TAMS 0x0000000704f00000, 0x0000000704f00000| Untracked 
|  16|0x0000000705000000, 0x0000000705000000, 0x0000000705100000|  0%| F|  |TAMS 0x0000000705000000, 0x0000000705000000| Untracked 
|  17|0x0000000705100000, 0x0000000705100000, 0x0000000705200000|  0%| F|  |TAMS 0x0000000705100000, 0x0000000705100000| Untracked 
|  18|0x0000000705200000, 0x0000000705200000, 0x0000000705300000|  0%| F|  |TAMS 0x0000000705200000, 0x0000000705200000| Untracked 
|  19|0x0000000705300000, 0x0000000705300000, 0x0000000705400000|  0%| F|  |TAMS 0x0000000705300000, 0x0000000705300000| Untracked 
|  20|0x0000000705400000, 0x0000000705400000, 0x0000000705500000|  0%| F|  |TAMS 0x0000000705400000, 0x0000000705400000| Untracked 
|  21|0x0000000705500000, 0x0000000705500000, 0x0000000705600000|  0%| F|  |TAMS 0x0000000705500000, 0x0000000705500000| Untracked 
|  22|0x0000000705600000, 0x0000000705600000, 0x0000000705700000|  0%| F|  |TAMS 0x0000000705600000, 0x0000000705600000| Untracked 
|  23|0x0000000705700000, 0x0000000705700000, 0x0000000705800000|  0%| F|  |TAMS 0x0000000705700000, 0x0000000705700000| Untracked 
|  24|0x0000000705800000, 0x0000000705800000, 0x0000000705900000|  0%| F|  |TAMS 0x0000000705800000, 0x0000000705800000| Untracked 
|  25|0x0000000705900000, 0x0000000705900000, 0x0000000705a00000|  0%| F|  |TAMS 0x0000000705900000, 0x0000000705900000| Untracked 
|  26|0x0000000705a00000, 0x0000000705a00000, 0x0000000705b00000|  0%| F|  |TAMS 0x0000000705a00000, 0x0000000705a00000| Untracked 
|  27|0x0000000705b00000, 0x0000000705b00000, 0x0000000705c00000|  0%| F|  |TAMS 0x0000000705b00000, 0x0000000705b00000| Untracked 
|  28|0x0000000705c00000, 0x0000000705c00000, 0x0000000705d00000|  0%| F|  |TAMS 0x0000000705c00000, 0x0000000705c00000| Untracked 
|  29|0x0000000705d00000, 0x0000000705d00000, 0x0000000705e00000|  0%| F|  |TAMS 0x0000000705d00000, 0x0000000705d00000| Untracked 
|  30|0x0000000705e00000, 0x0000000705e00000, 0x0000000705f00000|  0%| F|  |TAMS 0x0000000705e00000, 0x0000000705e00000| Untracked 
|  31|0x0000000705f00000, 0x0000000705f00000, 0x0000000706000000|  0%| F|  |TAMS 0x0000000705f00000, 0x0000000705f00000| Untracked 
|  32|0x0000000706000000, 0x0000000706000000, 0x0000000706100000|  0%| F|  |TAMS 0x0000000706000000, 0x0000000706000000| Untracked 
|  33|0x0000000706100000, 0x0000000706100000, 0x0000000706200000|  0%| F|  |TAMS 0x0000000706100000, 0x0000000706100000| Untracked 
|  34|0x0000000706200000, 0x0000000706200000, 0x0000000706300000|  0%| F|  |TAMS 0x0000000706200000, 0x0000000706200000| Untracked 
|  35|0x0000000706300000, 0x0000000706300000, 0x0000000706400000|  0%| F|  |TAMS 0x0000000706300000, 0x0000000706300000| Untracked 
|  36|0x0000000706400000, 0x0000000706400000, 0x0000000706500000|  0%| F|  |TAMS 0x0000000706400000, 0x0000000706400000| Untracked 
|  37|0x0000000706500000, 0x0000000706500000, 0x0000000706600000|  0%| F|  |TAMS 0x0000000706500000, 0x0000000706500000| Untracked 
|  38|0x0000000706600000, 0x0000000706600000, 0x0000000706700000|  0%| F|  |TAMS 0x0000000706600000, 0x0000000706600000| Untracked 
|  39|0x0000000706700000, 0x0000000706700000, 0x0000000706800000|  0%| F|  |TAMS 0x0000000706700000, 0x0000000706700000| Untracked 
|  40|0x0000000706800000, 0x0000000706800000, 0x0000000706900000|  0%| F|  |TAMS 0x0000000706800000, 0x0000000706800000| Untracked 
|  41|0x0000000706900000, 0x0000000706900000, 0x0000000706a00000|  0%| F|  |TAMS 0x0000000706900000, 0x0000000706900000| Untracked 
|  42|0x0000000706a00000, 0x0000000706a00000, 0x0000000706b00000|  0%| F|  |TAMS 0x0000000706a00000, 0x0000000706a00000| Untracked 
|  43|0x0000000706b00000, 0x0000000706b00000, 0x0000000706c00000|  0%| F|  |TAMS 0x0000000706b00000, 0x0000000706b00000| Untracked 
|  44|0x0000000706c00000, 0x0000000706c00000, 0x0000000706d00000|  0%| F|  |TAMS 0x0000000706c00000, 0x0000000706c00000| Untracked 
|  45|0x0000000706d00000, 0x0000000706d00000, 0x0000000706e00000|  0%| F|  |TAMS 0x0000000706d00000, 0x0000000706d00000| Untracked 
|  46|0x0000000706e00000, 0x0000000706e00000, 0x0000000706f00000|  0%| F|  |TAMS 0x0000000706e00000, 0x0000000706e00000| Untracked 
|  47|0x0000000706f00000, 0x0000000706f00000, 0x0000000707000000|  0%| F|  |TAMS 0x0000000706f00000, 0x0000000706f00000| Untracked 
|  48|0x0000000707000000, 0x0000000707000000, 0x0000000707100000|  0%| F|  |TAMS 0x0000000707000000, 0x0000000707000000| Untracked 
|  49|0x0000000707100000, 0x0000000707100000, 0x0000000707200000|  0%| F|  |TAMS 0x0000000707100000, 0x0000000707100000| Untracked 
|  50|0x0000000707200000, 0x0000000707200000, 0x0000000707300000|  0%| F|  |TAMS 0x0000000707200000, 0x0000000707200000| Untracked 
|  51|0x0000000707300000, 0x0000000707300000, 0x0000000707400000|  0%| F|  |TAMS 0x0000000707300000, 0x0000000707300000| Untracked 
|  52|0x0000000707400000, 0x0000000707400000, 0x0000000707500000|  0%| F|  |TAMS 0x0000000707400000, 0x0000000707400000| Untracked 
|  53|0x0000000707500000, 0x0000000707500000, 0x0000000707600000|  0%| F|  |TAMS 0x0000000707500000, 0x0000000707500000| Untracked 
|  54|0x0000000707600000, 0x0000000707600000, 0x0000000707700000|  0%| F|  |TAMS 0x0000000707600000, 0x0000000707600000| Untracked 
|  55|0x0000000707700000, 0x0000000707700000, 0x0000000707800000|  0%| F|  |TAMS 0x0000000707700000, 0x0000000707700000| Untracked 
|  56|0x0000000707800000, 0x0000000707800000, 0x0000000707900000|  0%| F|  |TAMS 0x0000000707800000, 0x0000000707800000| Untracked 
|  57|0x0000000707900000, 0x0000000707900000, 0x0000000707a00000|  0%| F|  |TAMS 0x0000000707900000, 0x0000000707900000| Untracked 
|  58|0x0000000707a00000, 0x0000000707a00000, 0x0000000707b00000|  0%| F|  |TAMS 0x0000000707a00000, 0x0000000707a00000| Untracked 
|  59|0x0000000707b00000, 0x0000000707b00000, 0x0000000707c00000|  0%| F|  |TAMS 0x0000000707b00000, 0x0000000707b00000| Untracked 
|  60|0x0000000707c00000, 0x0000000707c00000, 0x0000000707d00000|  0%| F|  |TAMS 0x0000000707c00000, 0x0000000707c00000| Untracked 
|  61|0x0000000707d00000, 0x0000000707d00000, 0x0000000707e00000|  0%| F|  |TAMS 0x0000000707d00000, 0x0000000707d00000| Untracked 
|  62|0x0000000707e00000, 0x0000000707e00000, 0x0000000707f00000|  0%| F|  |TAMS 0x0000000707e00000, 0x0000000707e00000| Untracked 
|  63|0x0000000707f00000, 0x0000000707f00000, 0x0000000708000000|  0%| F|  |TAMS 0x0000000707f00000, 0x0000000707f00000| Untracked 
|  64|0x0000000708000000, 0x0000000708000000, 0x0000000708100000|  0%| F|  |TAMS 0x0000000708000000, 0x0000000708000000| Untracked 
|  65|0x0000000708100000, 0x0000000708100000, 0x0000000708200000|  0%| F|  |TAMS 0x0000000708100000, 0x0000000708100000| Untracked 
|  66|0x0000000708200000, 0x0000000708200000, 0x0000000708300000|  0%| F|  |TAMS 0x0000000708200000, 0x0000000708200000| Untracked 
|  67|0x0000000708300000, 0x0000000708300000, 0x0000000708400000|  0%| F|  |TAMS 0x0000000708300000, 0x0000000708300000| Untracked 
|  68|0x0000000708400000, 0x0000000708400000, 0x0000000708500000|  0%| F|  |TAMS 0x0000000708400000, 0x0000000708400000| Untracked 
|  69|0x0000000708500000, 0x0000000708500000, 0x0000000708600000|  0%| F|  |TAMS 0x0000000708500000, 0x0000000708500000| Untracked 
|  70|0x0000000708600000, 0x0000000708600000, 0x0000000708700000|  0%| F|  |TAMS 0x0000000708600000, 0x0000000708600000| Untracked 
|  71|0x0000000708700000, 0x0000000708700000, 0x0000000708800000|  0%| F|  |TAMS 0x0000000708700000, 0x0000000708700000| Untracked 
|  72|0x0000000708800000, 0x0000000708800000, 0x0000000708900000|  0%| F|  |TAMS 0x0000000708800000, 0x0000000708800000| Untracked 
|  73|0x0000000708900000, 0x0000000708900000, 0x0000000708a00000|  0%| F|  |TAMS 0x0000000708900000, 0x0000000708900000| Untracked 
|  74|0x0000000708a00000, 0x0000000708a00000, 0x0000000708b00000|  0%| F|  |TAMS 0x0000000708a00000, 0x0000000708a00000| Untracked 
|  75|0x0000000708b00000, 0x0000000708b00000, 0x0000000708c00000|  0%| F|  |TAMS 0x0000000708b00000, 0x0000000708b00000| Untracked 
|  76|0x0000000708c00000, 0x0000000708c00000, 0x0000000708d00000|  0%| F|  |TAMS 0x0000000708c00000, 0x0000000708c00000| Untracked 
|  77|0x0000000708d00000, 0x0000000708d00000, 0x0000000708e00000|  0%| F|  |TAMS 0x0000000708d00000, 0x0000000708d00000| Untracked 
|  78|0x0000000708e00000, 0x0000000708e00000, 0x0000000708f00000|  0%| F|  |TAMS 0x0000000708e00000, 0x0000000708e00000| Untracked 
|  79|0x0000000708f00000, 0x0000000708f00000, 0x0000000709000000|  0%| F|  |TAMS 0x0000000708f00000, 0x0000000708f00000| Untracked 
|  80|0x0000000709000000, 0x0000000709000000, 0x0000000709100000|  0%| F|  |TAMS 0x0000000709000000, 0x0000000709000000| Untracked 
|  81|0x0000000709100000, 0x0000000709100000, 0x0000000709200000|  0%| F|  |TAMS 0x0000000709100000, 0x0000000709100000| Untracked 
|  82|0x0000000709200000, 0x0000000709200000, 0x0000000709300000|  0%| F|  |TAMS 0x0000000709200000, 0x0000000709200000| Untracked 
|  83|0x0000000709300000, 0x0000000709300000, 0x0000000709400000|  0%| F|  |TAMS 0x0000000709300000, 0x0000000709300000| Untracked 
|  84|0x0000000709400000, 0x0000000709400000, 0x0000000709500000|  0%| F|  |TAMS 0x0000000709400000, 0x0000000709400000| Untracked 
|  85|0x0000000709500000, 0x0000000709500000, 0x0000000709600000|  0%| F|  |TAMS 0x0000000709500000, 0x0000000709500000| Untracked 
|  86|0x0000000709600000, 0x0000000709600000, 0x0000000709700000|  0%| F|  |TAMS 0x0000000709600000, 0x0000000709600000| Untracked 
|  87|0x0000000709700000, 0x0000000709700000, 0x0000000709800000|  0%| F|  |TAMS 0x0000000709700000, 0x0000000709700000| Untracked 
|  88|0x0000000709800000, 0x0000000709800000, 0x0000000709900000|  0%| F|  |TAMS 0x0000000709800000, 0x0000000709800000| Untracked 
|  89|0x0000000709900000, 0x0000000709900000, 0x0000000709a00000|  0%| F|  |TAMS 0x0000000709900000, 0x0000000709900000| Untracked 
|  90|0x0000000709a00000, 0x0000000709a00000, 0x0000000709b00000|  0%| F|  |TAMS 0x0000000709a00000, 0x0000000709a00000| Untracked 
|  91|0x0000000709b00000, 0x0000000709b00000, 0x0000000709c00000|  0%| F|  |TAMS 0x0000000709b00000, 0x0000000709b00000| Untracked 
|  92|0x0000000709c00000, 0x0000000709c00000, 0x0000000709d00000|  0%| F|  |TAMS 0x0000000709c00000, 0x0000000709c00000| Untracked 
|  93|0x0000000709d00000, 0x0000000709d00000, 0x0000000709e00000|  0%| F|  |TAMS 0x0000000709d00000, 0x0000000709d00000| Untracked 
|  94|0x0000000709e00000, 0x0000000709e00000, 0x0000000709f00000|  0%| F|  |TAMS 0x0000000709e00000, 0x0000000709e00000| Untracked 
|  95|0x0000000709f00000, 0x0000000709f00000, 0x000000070a000000|  0%| F|  |TAMS 0x0000000709f00000, 0x0000000709f00000| Untracked 
|  96|0x000000070a000000, 0x000000070a000000, 0x000000070a100000|  0%| F|  |TAMS 0x000000070a000000, 0x000000070a000000| Untracked 
|  97|0x000000070a100000, 0x000000070a100000, 0x000000070a200000|  0%| F|  |TAMS 0x000000070a100000, 0x000000070a100000| Untracked 
|  98|0x000000070a200000, 0x000000070a200000, 0x000000070a300000|  0%| F|  |TAMS 0x000000070a200000, 0x000000070a200000| Untracked 
|  99|0x000000070a300000, 0x000000070a300000, 0x000000070a400000|  0%| F|  |TAMS 0x000000070a300000, 0x000000070a300000| Untracked 
| 100|0x000000070a400000, 0x000000070a400000, 0x000000070a500000|  0%| F|  |TAMS 0x000000070a400000, 0x000000070a400000| Untracked 
| 101|0x000000070a500000, 0x000000070a500000, 0x000000070a600000|  0%| F|  |TAMS 0x000000070a500000, 0x000000070a500000| Untracked 
| 102|0x000000070a600000, 0x000000070a600000, 0x000000070a700000|  0%| F|  |TAMS 0x000000070a600000, 0x000000070a600000| Untracked 
| 103|0x000000070a700000, 0x000000070a700000, 0x000000070a800000|  0%| F|  |TAMS 0x000000070a700000, 0x000000070a700000| Untracked 
| 104|0x000000070a800000, 0x000000070a800000, 0x000000070a900000|  0%| F|  |TAMS 0x000000070a800000, 0x000000070a800000| Untracked 
| 105|0x000000070a900000, 0x000000070a900000, 0x000000070aa00000|  0%| F|  |TAMS 0x000000070a900000, 0x000000070a900000| Untracked 
| 106|0x000000070aa00000, 0x000000070aa00000, 0x000000070ab00000|  0%| F|  |TAMS 0x000000070aa00000, 0x000000070aa00000| Untracked 
| 107|0x000000070ab00000, 0x000000070ab00000, 0x000000070ac00000|  0%| F|  |TAMS 0x000000070ab00000, 0x000000070ab00000| Untracked 
| 108|0x000000070ac00000, 0x000000070ac00000, 0x000000070ad00000|  0%| F|  |TAMS 0x000000070ac00000, 0x000000070ac00000| Untracked 
| 109|0x000000070ad00000, 0x000000070ad00000, 0x000000070ae00000|  0%| F|  |TAMS 0x000000070ad00000, 0x000000070ad00000| Untracked 
| 110|0x000000070ae00000, 0x000000070ae00000, 0x000000070af00000|  0%| F|  |TAMS 0x000000070ae00000, 0x000000070ae00000| Untracked 
| 111|0x000000070af00000, 0x000000070af00000, 0x000000070b000000|  0%| F|  |TAMS 0x000000070af00000, 0x000000070af00000| Untracked 
| 112|0x000000070b000000, 0x000000070b000000, 0x000000070b100000|  0%| F|  |TAMS 0x000000070b000000, 0x000000070b000000| Untracked 
| 113|0x000000070b100000, 0x000000070b100000, 0x000000070b200000|  0%| F|  |TAMS 0x000000070b100000, 0x000000070b100000| Untracked 
| 114|0x000000070b200000, 0x000000070b200000, 0x000000070b300000|  0%| F|  |TAMS 0x000000070b200000, 0x000000070b200000| Untracked 
| 115|0x000000070b300000, 0x000000070b300000, 0x000000070b400000|  0%| F|  |TAMS 0x000000070b300000, 0x000000070b300000| Untracked 
| 116|0x000000070b400000, 0x000000070b400000, 0x000000070b500000|  0%| F|  |TAMS 0x000000070b400000, 0x000000070b400000| Untracked 
| 117|0x000000070b500000, 0x000000070b500000, 0x000000070b600000|  0%| F|  |TAMS 0x000000070b500000, 0x000000070b500000| Untracked 
| 118|0x000000070b600000, 0x000000070b600000, 0x000000070b700000|  0%| F|  |TAMS 0x000000070b600000, 0x000000070b600000| Untracked 
| 119|0x000000070b700000, 0x000000070b700000, 0x000000070b800000|  0%| F|  |TAMS 0x000000070b700000, 0x000000070b700000| Untracked 
| 120|0x000000070b800000, 0x000000070b800000, 0x000000070b900000|  0%| F|  |TAMS 0x000000070b800000, 0x000000070b800000| Untracked 
| 121|0x000000070b900000, 0x000000070b900000, 0x000000070ba00000|  0%| F|  |TAMS 0x000000070b900000, 0x000000070b900000| Untracked 
| 122|0x000000070ba00000, 0x000000070ba00000, 0x000000070bb00000|  0%| F|  |TAMS 0x000000070ba00000, 0x000000070ba00000| Untracked 
| 123|0x000000070bb00000, 0x000000070bb00000, 0x000000070bc00000|  0%| F|  |TAMS 0x000000070bb00000, 0x000000070bb00000| Untracked 
| 124|0x000000070bc00000, 0x000000070bc00000, 0x000000070bd00000|  0%| F|  |TAMS 0x000000070bc00000, 0x000000070bc00000| Untracked 
| 125|0x000000070bd00000, 0x000000070bd00000, 0x000000070be00000|  0%| F|  |TAMS 0x000000070bd00000, 0x000000070bd00000| Untracked 
| 126|0x000000070be00000, 0x000000070be00000, 0x000000070bf00000|  0%| F|  |TAMS 0x000000070be00000, 0x000000070be00000| Untracked 
| 127|0x000000070bf00000, 0x000000070bf00000, 0x000000070c000000|  0%| F|  |TAMS 0x000000070bf00000, 0x000000070bf00000| Untracked 
| 128|0x000000070c000000, 0x000000070c000000, 0x000000070c100000|  0%| F|  |TAMS 0x000000070c000000, 0x000000070c000000| Untracked 
| 129|0x000000070c100000, 0x000000070c100000, 0x000000070c200000|  0%| F|  |TAMS 0x000000070c100000, 0x000000070c100000| Untracked 
| 130|0x000000070c200000, 0x000000070c200000, 0x000000070c300000|  0%| F|  |TAMS 0x000000070c200000, 0x000000070c200000| Untracked 
| 131|0x000000070c300000, 0x000000070c300000, 0x000000070c400000|  0%| F|  |TAMS 0x000000070c300000, 0x000000070c300000| Untracked 
| 132|0x000000070c400000, 0x000000070c400000, 0x000000070c500000|  0%| F|  |TAMS 0x000000070c400000, 0x000000070c400000| Untracked 
| 133|0x000000070c500000, 0x000000070c500000, 0x000000070c600000|  0%| F|  |TAMS 0x000000070c500000, 0x000000070c500000| Untracked 
| 134|0x000000070c600000, 0x000000070c600000, 0x000000070c700000|  0%| F|  |TAMS 0x000000070c600000, 0x000000070c600000| Untracked 
| 135|0x000000070c700000, 0x000000070c700000, 0x000000070c800000|  0%| F|  |TAMS 0x000000070c700000, 0x000000070c700000| Untracked 
| 136|0x000000070c800000, 0x000000070c800000, 0x000000070c900000|  0%| F|  |TAMS 0x000000070c800000, 0x000000070c800000| Untracked 
| 137|0x000000070c900000, 0x000000070c900000, 0x000000070ca00000|  0%| F|  |TAMS 0x000000070c900000, 0x000000070c900000| Untracked 
| 138|0x000000070ca00000, 0x000000070ca00000, 0x000000070cb00000|  0%| F|  |TAMS 0x000000070ca00000, 0x000000070ca00000| Untracked 
| 139|0x000000070cb00000, 0x000000070cb00000, 0x000000070cc00000|  0%| F|  |TAMS 0x000000070cb00000, 0x000000070cb00000| Untracked 
| 140|0x000000070cc00000, 0x000000070cc00000, 0x000000070cd00000|  0%| F|  |TAMS 0x000000070cc00000, 0x000000070cc00000| Untracked 
| 141|0x000000070cd00000, 0x000000070cd00000, 0x000000070ce00000|  0%| F|  |TAMS 0x000000070cd00000, 0x000000070cd00000| Untracked 
| 142|0x000000070ce00000, 0x000000070ce00000, 0x000000070cf00000|  0%| F|  |TAMS 0x000000070ce00000, 0x000000070ce00000| Untracked 
| 143|0x000000070cf00000, 0x000000070cf00000, 0x000000070d000000|  0%| F|  |TAMS 0x000000070cf00000, 0x000000070cf00000| Untracked 
| 144|0x000000070d000000, 0x000000070d000000, 0x000000070d100000|  0%| F|  |TAMS 0x000000070d000000, 0x000000070d000000| Untracked 
| 145|0x000000070d100000, 0x000000070d100000, 0x000000070d200000|  0%| F|  |TAMS 0x000000070d100000, 0x000000070d100000| Untracked 
| 146|0x000000070d200000, 0x000000070d200000, 0x000000070d300000|  0%| F|  |TAMS 0x000000070d200000, 0x000000070d200000| Untracked 
| 147|0x000000070d300000, 0x000000070d300000, 0x000000070d400000|  0%| F|  |TAMS 0x000000070d300000, 0x000000070d300000| Untracked 
| 148|0x000000070d400000, 0x000000070d400000, 0x000000070d500000|  0%| F|  |TAMS 0x000000070d400000, 0x000000070d400000| Untracked 
| 149|0x000000070d500000, 0x000000070d500000, 0x000000070d600000|  0%| F|  |TAMS 0x000000070d500000, 0x000000070d500000| Untracked 
| 150|0x000000070d600000, 0x000000070d600000, 0x000000070d700000|  0%| F|  |TAMS 0x000000070d600000, 0x000000070d600000| Untracked 
| 151|0x000000070d700000, 0x000000070d700000, 0x000000070d800000|  0%| F|  |TAMS 0x000000070d700000, 0x000000070d700000| Untracked 
| 152|0x000000070d800000, 0x000000070d800000, 0x000000070d900000|  0%| F|  |TAMS 0x000000070d800000, 0x000000070d800000| Untracked 
| 153|0x000000070d900000, 0x000000070d900000, 0x000000070da00000|  0%| F|  |TAMS 0x000000070d900000, 0x000000070d900000| Untracked 
| 154|0x000000070da00000, 0x000000070da00000, 0x000000070db00000|  0%| F|  |TAMS 0x000000070da00000, 0x000000070da00000| Untracked 
| 155|0x000000070db00000, 0x000000070db00000, 0x000000070dc00000|  0%| F|  |TAMS 0x000000070db00000, 0x000000070db00000| Untracked 
| 156|0x000000070dc00000, 0x000000070dc00000, 0x000000070dd00000|  0%| F|  |TAMS 0x000000070dc00000, 0x000000070dc00000| Untracked 
| 157|0x000000070dd00000, 0x000000070dd00000, 0x000000070de00000|  0%| F|  |TAMS 0x000000070dd00000, 0x000000070dd00000| Untracked 
| 158|0x000000070de00000, 0x000000070de00000, 0x000000070df00000|  0%| F|  |TAMS 0x000000070de00000, 0x000000070de00000| Untracked 
| 159|0x000000070df00000, 0x000000070df00000, 0x000000070e000000|  0%| F|  |TAMS 0x000000070df00000, 0x000000070df00000| Untracked 
| 160|0x000000070e000000, 0x000000070e000000, 0x000000070e100000|  0%| F|  |TAMS 0x000000070e000000, 0x000000070e000000| Untracked 
| 161|0x000000070e100000, 0x000000070e100000, 0x000000070e200000|  0%| F|  |TAMS 0x000000070e100000, 0x000000070e100000| Untracked 
| 162|0x000000070e200000, 0x000000070e200000, 0x000000070e300000|  0%| F|  |TAMS 0x000000070e200000, 0x000000070e200000| Untracked 
| 163|0x000000070e300000, 0x000000070e300000, 0x000000070e400000|  0%| F|  |TAMS 0x000000070e300000, 0x000000070e300000| Untracked 
| 164|0x000000070e400000, 0x000000070e400000, 0x000000070e500000|  0%| F|  |TAMS 0x000000070e400000, 0x000000070e400000| Untracked 
| 165|0x000000070e500000, 0x000000070e500000, 0x000000070e600000|  0%| F|  |TAMS 0x000000070e500000, 0x000000070e500000| Untracked 
| 166|0x000000070e600000, 0x000000070e600000, 0x000000070e700000|  0%| F|  |TAMS 0x000000070e600000, 0x000000070e600000| Untracked 
| 167|0x000000070e700000, 0x000000070e700000, 0x000000070e800000|  0%| F|  |TAMS 0x000000070e700000, 0x000000070e700000| Untracked 
| 168|0x000000070e800000, 0x000000070e800000, 0x000000070e900000|  0%| F|  |TAMS 0x000000070e800000, 0x000000070e800000| Untracked 
| 169|0x000000070e900000, 0x000000070e900000, 0x000000070ea00000|  0%| F|  |TAMS 0x000000070e900000, 0x000000070e900000| Untracked 
| 170|0x000000070ea00000, 0x000000070ea00000, 0x000000070eb00000|  0%| F|  |TAMS 0x000000070ea00000, 0x000000070ea00000| Untracked 
| 171|0x000000070eb00000, 0x000000070eb00000, 0x000000070ec00000|  0%| F|  |TAMS 0x000000070eb00000, 0x000000070eb00000| Untracked 
| 172|0x000000070ec00000, 0x000000070ec00000, 0x000000070ed00000|  0%| F|  |TAMS 0x000000070ec00000, 0x000000070ec00000| Untracked 
| 173|0x000000070ed00000, 0x000000070ed00000, 0x000000070ee00000|  0%| F|  |TAMS 0x000000070ed00000, 0x000000070ed00000| Untracked 
| 174|0x000000070ee00000, 0x000000070ee00000, 0x000000070ef00000|  0%| F|  |TAMS 0x000000070ee00000, 0x000000070ee00000| Untracked 
| 175|0x000000070ef00000, 0x000000070ef00000, 0x000000070f000000|  0%| F|  |TAMS 0x000000070ef00000, 0x000000070ef00000| Untracked 
| 176|0x000000070f000000, 0x000000070f000000, 0x000000070f100000|  0%| F|  |TAMS 0x000000070f000000, 0x000000070f000000| Untracked 
| 177|0x000000070f100000, 0x000000070f100000, 0x000000070f200000|  0%| F|  |TAMS 0x000000070f100000, 0x000000070f100000| Untracked 
| 178|0x000000070f200000, 0x000000070f200000, 0x000000070f300000|  0%| F|  |TAMS 0x000000070f200000, 0x000000070f200000| Untracked 
| 179|0x000000070f300000, 0x000000070f300000, 0x000000070f400000|  0%| F|  |TAMS 0x000000070f300000, 0x000000070f300000| Untracked 
| 180|0x000000070f400000, 0x000000070f400000, 0x000000070f500000|  0%| F|  |TAMS 0x000000070f400000, 0x000000070f400000| Untracked 
| 181|0x000000070f500000, 0x000000070f500000, 0x000000070f600000|  0%| F|  |TAMS 0x000000070f500000, 0x000000070f500000| Untracked 
| 182|0x000000070f600000, 0x000000070f600000, 0x000000070f700000|  0%| F|  |TAMS 0x000000070f600000, 0x000000070f600000| Untracked 
| 183|0x000000070f700000, 0x000000070f700000, 0x000000070f800000|  0%| F|  |TAMS 0x000000070f700000, 0x000000070f700000| Untracked 
| 184|0x000000070f800000, 0x000000070f800000, 0x000000070f900000|  0%| F|  |TAMS 0x000000070f800000, 0x000000070f800000| Untracked 
| 185|0x000000070f900000, 0x000000070f900000, 0x000000070fa00000|  0%| F|  |TAMS 0x000000070f900000, 0x000000070f900000| Untracked 
| 186|0x000000070fa00000, 0x000000070fa00000, 0x000000070fb00000|  0%| F|  |TAMS 0x000000070fa00000, 0x000000070fa00000| Untracked 
| 187|0x000000070fb00000, 0x000000070fb00000, 0x000000070fc00000|  0%| F|  |TAMS 0x000000070fb00000, 0x000000070fb00000| Untracked 
| 188|0x000000070fc00000, 0x000000070fc00000, 0x000000070fd00000|  0%| F|  |TAMS 0x000000070fc00000, 0x000000070fc00000| Untracked 
| 189|0x000000070fd00000, 0x000000070fd00000, 0x000000070fe00000|  0%| F|  |TAMS 0x000000070fd00000, 0x000000070fd00000| Untracked 
| 190|0x000000070fe00000, 0x000000070fe00000, 0x000000070ff00000|  0%| F|  |TAMS 0x000000070fe00000, 0x000000070fe00000| Untracked 
| 191|0x000000070ff00000, 0x000000070ff00000, 0x0000000710000000|  0%| F|  |TAMS 0x000000070ff00000, 0x000000070ff00000| Untracked 
| 192|0x0000000710000000, 0x0000000710000000, 0x0000000710100000|  0%| F|  |TAMS 0x0000000710000000, 0x0000000710000000| Untracked 
| 193|0x0000000710100000, 0x0000000710100000, 0x0000000710200000|  0%| F|  |TAMS 0x0000000710100000, 0x0000000710100000| Untracked 
| 194|0x0000000710200000, 0x0000000710200000, 0x0000000710300000|  0%| F|  |TAMS 0x0000000710200000, 0x0000000710200000| Untracked 
| 195|0x0000000710300000, 0x0000000710300000, 0x0000000710400000|  0%| F|  |TAMS 0x0000000710300000, 0x0000000710300000| Untracked 
| 196|0x0000000710400000, 0x0000000710400000, 0x0000000710500000|  0%| F|  |TAMS 0x0000000710400000, 0x0000000710400000| Untracked 
| 197|0x0000000710500000, 0x0000000710500000, 0x0000000710600000|  0%| F|  |TAMS 0x0000000710500000, 0x0000000710500000| Untracked 
| 198|0x0000000710600000, 0x00000007106167a0, 0x0000000710700000|  8%| S|CS|TAMS 0x0000000710600000, 0x0000000710600000| Complete 
| 199|0x0000000710700000, 0x0000000710800000, 0x0000000710800000|100%| S|CS|TAMS 0x0000000710700000, 0x0000000710700000| Complete 
| 200|0x0000000710800000, 0x0000000710800000, 0x0000000710900000|  0%| F|  |TAMS 0x0000000710800000, 0x0000000710800000| Untracked 
| 201|0x0000000710900000, 0x0000000710900000, 0x0000000710a00000|  0%| F|  |TAMS 0x0000000710900000, 0x0000000710900000| Untracked 
| 202|0x0000000710a00000, 0x0000000710a00000, 0x0000000710b00000|  0%| F|  |TAMS 0x0000000710a00000, 0x0000000710a00000| Untracked 
| 203|0x0000000710b00000, 0x0000000710b00000, 0x0000000710c00000|  0%| F|  |TAMS 0x0000000710b00000, 0x0000000710b00000| Untracked 
| 204|0x0000000710c00000, 0x0000000710c00000, 0x0000000710d00000|  0%| F|  |TAMS 0x0000000710c00000, 0x0000000710c00000| Untracked 
| 205|0x0000000710d00000, 0x0000000710d00000, 0x0000000710e00000|  0%| F|  |TAMS 0x0000000710d00000, 0x0000000710d00000| Untracked 
| 206|0x0000000710e00000, 0x0000000710e00000, 0x0000000710f00000|  0%| F|  |TAMS 0x0000000710e00000, 0x0000000710e00000| Untracked 
| 207|0x0000000710f00000, 0x0000000710f00000, 0x0000000711000000|  0%| F|  |TAMS 0x0000000710f00000, 0x0000000710f00000| Untracked 
| 208|0x0000000711000000, 0x0000000711000000, 0x0000000711100000|  0%| F|  |TAMS 0x0000000711000000, 0x0000000711000000| Untracked 
| 209|0x0000000711100000, 0x0000000711100000, 0x0000000711200000|  0%| F|  |TAMS 0x0000000711100000, 0x0000000711100000| Untracked 
| 210|0x0000000711200000, 0x0000000711200000, 0x0000000711300000|  0%| F|  |TAMS 0x0000000711200000, 0x0000000711200000| Untracked 
| 211|0x0000000711300000, 0x0000000711300000, 0x0000000711400000|  0%| F|  |TAMS 0x0000000711300000, 0x0000000711300000| Untracked 
| 212|0x0000000711400000, 0x0000000711400000, 0x0000000711500000|  0%| F|  |TAMS 0x0000000711400000, 0x0000000711400000| Untracked 
| 213|0x0000000711500000, 0x0000000711500000, 0x0000000711600000|  0%| F|  |TAMS 0x0000000711500000, 0x0000000711500000| Untracked 
| 214|0x0000000711600000, 0x0000000711600000, 0x0000000711700000|  0%| F|  |TAMS 0x0000000711600000, 0x0000000711600000| Untracked 
| 215|0x0000000711700000, 0x0000000711700000, 0x0000000711800000|  0%| F|  |TAMS 0x0000000711700000, 0x0000000711700000| Untracked 
| 216|0x0000000711800000, 0x0000000711800000, 0x0000000711900000|  0%| F|  |TAMS 0x0000000711800000, 0x0000000711800000| Untracked 
| 217|0x0000000711900000, 0x0000000711900000, 0x0000000711a00000|  0%| F|  |TAMS 0x0000000711900000, 0x0000000711900000| Untracked 
| 218|0x0000000711a00000, 0x0000000711a00000, 0x0000000711b00000|  0%| F|  |TAMS 0x0000000711a00000, 0x0000000711a00000| Untracked 
| 219|0x0000000711b00000, 0x0000000711b00000, 0x0000000711c00000|  0%| F|  |TAMS 0x0000000711b00000, 0x0000000711b00000| Untracked 
| 220|0x0000000711c00000, 0x0000000711c00000, 0x0000000711d00000|  0%| F|  |TAMS 0x0000000711c00000, 0x0000000711c00000| Untracked 
| 221|0x0000000711d00000, 0x0000000711d00000, 0x0000000711e00000|  0%| F|  |TAMS 0x0000000711d00000, 0x0000000711d00000| Untracked 
| 222|0x0000000711e00000, 0x0000000711e00000, 0x0000000711f00000|  0%| F|  |TAMS 0x0000000711e00000, 0x0000000711e00000| Untracked 
| 223|0x0000000711f00000, 0x0000000711f00000, 0x0000000712000000|  0%| F|  |TAMS 0x0000000711f00000, 0x0000000711f00000| Untracked 
| 224|0x0000000712000000, 0x0000000712000000, 0x0000000712100000|  0%| F|  |TAMS 0x0000000712000000, 0x0000000712000000| Untracked 
| 225|0x0000000712100000, 0x0000000712100000, 0x0000000712200000|  0%| F|  |TAMS 0x0000000712100000, 0x0000000712100000| Untracked 
| 226|0x0000000712200000, 0x0000000712200000, 0x0000000712300000|  0%| F|  |TAMS 0x0000000712200000, 0x0000000712200000| Untracked 
| 227|0x0000000712300000, 0x0000000712300000, 0x0000000712400000|  0%| F|  |TAMS 0x0000000712300000, 0x0000000712300000| Untracked 
| 228|0x0000000712400000, 0x0000000712400000, 0x0000000712500000|  0%| F|  |TAMS 0x0000000712400000, 0x0000000712400000| Untracked 
| 229|0x0000000712500000, 0x0000000712500000, 0x0000000712600000|  0%| F|  |TAMS 0x0000000712500000, 0x0000000712500000| Untracked 
| 230|0x0000000712600000, 0x0000000712600000, 0x0000000712700000|  0%| F|  |TAMS 0x0000000712600000, 0x0000000712600000| Untracked 
| 231|0x0000000712700000, 0x0000000712700000, 0x0000000712800000|  0%| F|  |TAMS 0x0000000712700000, 0x0000000712700000| Untracked 
| 232|0x0000000712800000, 0x0000000712880800, 0x0000000712900000| 50%| E|  |TAMS 0x0000000712800000, 0x0000000712800000| Complete 
| 233|0x0000000712900000, 0x0000000712a00000, 0x0000000712a00000|100%| E|CS|TAMS 0x0000000712900000, 0x0000000712900000| Complete 
| 234|0x0000000712a00000, 0x0000000712b00000, 0x0000000712b00000|100%| E|CS|TAMS 0x0000000712a00000, 0x0000000712a00000| Complete 
| 235|0x0000000712b00000, 0x0000000712c00000, 0x0000000712c00000|100%| E|CS|TAMS 0x0000000712b00000, 0x0000000712b00000| Complete 
| 236|0x0000000712c00000, 0x0000000712d00000, 0x0000000712d00000|100%| E|CS|TAMS 0x0000000712c00000, 0x0000000712c00000| Complete 
| 237|0x0000000712d00000, 0x0000000712e00000, 0x0000000712e00000|100%| E|CS|TAMS 0x0000000712d00000, 0x0000000712d00000| Complete 
| 238|0x0000000712e00000, 0x0000000712f00000, 0x0000000712f00000|100%| E|CS|TAMS 0x0000000712e00000, 0x0000000712e00000| Complete 
| 239|0x0000000712f00000, 0x0000000713000000, 0x0000000713000000|100%| E|CS|TAMS 0x0000000712f00000, 0x0000000712f00000| Complete 
| 240|0x0000000713000000, 0x0000000713100000, 0x0000000713100000|100%| E|CS|TAMS 0x0000000713000000, 0x0000000713000000| Complete 
| 241|0x0000000713100000, 0x0000000713200000, 0x0000000713200000|100%| E|CS|TAMS 0x0000000713100000, 0x0000000713100000| Complete 
| 242|0x0000000713200000, 0x0000000713300000, 0x0000000713300000|100%| E|CS|TAMS 0x0000000713200000, 0x0000000713200000| Complete 
| 243|0x0000000713300000, 0x0000000713400000, 0x0000000713400000|100%| E|CS|TAMS 0x0000000713300000, 0x0000000713300000| Complete 
| 244|0x0000000713400000, 0x0000000713500000, 0x0000000713500000|100%| E|CS|TAMS 0x0000000713400000, 0x0000000713400000| Complete 
| 245|0x0000000713500000, 0x0000000713600000, 0x0000000713600000|100%| E|CS|TAMS 0x0000000713500000, 0x0000000713500000| Complete 
| 246|0x0000000713600000, 0x0000000713700000, 0x0000000713700000|100%| E|CS|TAMS 0x0000000713600000, 0x0000000713600000| Complete 
| 247|0x0000000713700000, 0x0000000713800000, 0x0000000713800000|100%| E|CS|TAMS 0x0000000713700000, 0x0000000713700000| Complete 
| 248|0x0000000713800000, 0x0000000713900000, 0x0000000713900000|100%| E|CS|TAMS 0x0000000713800000, 0x0000000713800000| Complete 
| 249|0x0000000713900000, 0x0000000713a00000, 0x0000000713a00000|100%| E|CS|TAMS 0x0000000713900000, 0x0000000713900000| Complete 
| 250|0x0000000713a00000, 0x0000000713b00000, 0x0000000713b00000|100%| E|CS|TAMS 0x0000000713a00000, 0x0000000713a00000| Complete 
| 251|0x0000000713b00000, 0x0000000713c00000, 0x0000000713c00000|100%| E|CS|TAMS 0x0000000713b00000, 0x0000000713b00000| Complete 

Card table byte_map: [0x000001ea57df0000,0x000001ea585d0000] _byte_map_base: 0x000001ea545d0000

Marking Bits (Prev, Next): (CMBitMap*) 0x000001ea40d0fde8, (CMBitMap*) 0x000001ea40d0fe20
 Prev Bits: [0x000001ea58db0000, 0x000001ea5ccb0000)
 Next Bits: [0x000001ea5ccb0000, 0x000001ea60bb0000)

Polling page: 0x000001ea40480000

Metaspace:

Usage:
  Non-class:     14.19 MB capacity,    14.10 MB (>99%) used,    74.29 KB ( <1%) free+waste,    18.63 KB ( <1%) overhead. 
      Class:      2.03 MB capacity,     1.96 MB ( 97%) used,    60.38 KB (  3%) free+waste,     8.19 KB ( <1%) overhead. 
       Both:     16.22 MB capacity,    16.06 MB (>99%) used,   134.66 KB ( <1%) free+waste,    26.81 KB ( <1%) overhead. 

Virtual space:
  Non-class space:       16.00 MB reserved,      14.25 MB ( 89%) committed 
      Class space:        1.00 GB reserved,       2.13 MB ( <1%) committed 
             Both:        1.02 GB reserved,      16.38 MB (  2%) committed 

Chunk freelists:
   Non-Class:  7.75 KB
       Class:  640 bytes
        Both:  8.38 KB

CodeHeap 'non-profiled nmethods': size=120000Kb used=388Kb max_used=388Kb free=119611Kb
 bounds [0x000001ea4fda0000, 0x000001ea50010000, 0x000001ea572d0000]
CodeHeap 'profiled nmethods': size=120000Kb used=1875Kb max_used=1875Kb free=118124Kb
 bounds [0x000001ea48870000, 0x000001ea48ae0000, 0x000001ea4fda0000]
CodeHeap 'non-nmethods': size=5760Kb used=1185Kb max_used=1198Kb free=4574Kb
 bounds [0x000001ea482d0000, 0x000001ea48540000, 0x000001ea48870000]
 total_blobs=1348 nmethods=961 adapters=307
 compilation: enabled
              stopped_count=0, restarted_count=0
 full_count=0

Compilation events (10 events):
Event: 0.632 Thread 0x000001ea64040800  953       3       java.lang.Class::getConstructor0 (83 bytes)
Event: 0.632 Thread 0x000001ea64040800 nmethod 953 0x000001ea48a40d90 code [0x000001ea48a41000, 0x000001ea48a41a28]
Event: 0.632 Thread 0x000001ea64040800  954       3       org.eclipse.jdt.launching.internal.org.objectweb.asm.AnnotationWriter::putAnnotations (67 bytes)
Event: 0.633 Thread 0x000001ea64040800 nmethod 954 0x000001ea48a41e90 code [0x000001ea48a420c0, 0x000001ea48a424f8]
Event: 0.633 Thread 0x000001ea64040800  955       3       java.util.jar.JarFile::getManifestFromReference (151 bytes)
Event: 0.634 Thread 0x000001ea6402a800  956       4       java.lang.String::startsWith (7 bytes)
Event: 0.634 Thread 0x000001ea64040800 nmethod 955 0x000001ea48a42810 code [0x000001ea48a42ae0, 0x000001ea48a43cc8]
Event: 0.636 Thread 0x000001ea64040800  957       3       java.lang.String::substring (68 bytes)
Event: 0.636 Thread 0x000001ea64040800 nmethod 957 0x000001ea48a44290 code [0x000001ea48a444c0, 0x000001ea48a44c78]
Event: 0.638 Thread 0x000001ea6402a800 nmethod 956 0x000001ea4fe00490 code [0x000001ea4fe00620, 0x000001ea4fe00938]

GC Heap History (6 events):
Event: 0.490 GC heap before
{Heap before GC invocations=0 (full 0):
 garbage-first heap   total 258048K, used 25600K [0x0000000704000000, 0x0000000800000000)
  region size 1024K, 24 young (24576K), 0 survivors (0K)
 Metaspace       used 9954K, capacity 10081K, committed 10240K, reserved 1058816K
  class space    used 879K, capacity 911K, committed 1024K, reserved 1048576K
}
Event: 0.493 GC heap after
{Heap after GC invocations=1 (full 0):
 garbage-first heap   total 258048K, used 9029K [0x0000000704000000, 0x0000000800000000)
  region size 1024K, 3 young (3072K), 3 survivors (3072K)
 Metaspace       used 9954K, capacity 10081K, committed 10240K, reserved 1058816K
  class space    used 879K, capacity 911K, committed 1024K, reserved 1048576K
}
Event: 14.473 GC heap before
{Heap before GC invocations=1 (full 0):
 garbage-first heap   total 258048K, used 31557K [0x0000000704000000, 0x0000000800000000)
  region size 1024K, 25 young (25600K), 3 survivors (3072K)
 Metaspace       used 12208K, capacity 12385K, committed 12544K, reserved 1060864K
  class space    used 1170K, capacity 1230K, committed 1280K, reserved 1048576K
}
Event: 14.475 GC heap after
{Heap after GC invocations=2 (full 0):
 garbage-first heap   total 258048K, used 10177K [0x0000000704000000, 0x0000000800000000)
  region size 1024K, 1 young (1024K), 1 survivors (1024K)
 Metaspace       used 12208K, capacity 12385K, committed 12544K, reserved 1060864K
  class space    used 1170K, capacity 1230K, committed 1280K, reserved 1048576K
}
Event: 32.856 GC heap before
{Heap before GC invocations=2 (full 0):
 garbage-first heap   total 258048K, used 62401K [0x0000000704000000, 0x0000000800000000)
  region size 1024K, 52 young (53248K), 1 survivors (1024K)
 Metaspace       used 15343K, capacity 15510K, committed 15744K, reserved 1062912K
  class space    used 1787K, capacity 1843K, committed 1920K, reserved 1048576K
}
Event: 32.857 GC heap after
{Heap after GC invocations=3 (full 0):
 garbage-first heap   total 258048K, used 10623K [0x0000000704000000, 0x0000000800000000)
  region size 1024K, 2 young (2048K), 2 survivors (2048K)
 Metaspace       used 15343K, capacity 15510K, committed 15744K, reserved 1062912K
  class space    used 1787K, capacity 1843K, committed 1920K, reserved 1048576K
}

Deoptimization events (10 events):
Event: 0.232 Thread 0x000001ea40cb0800 Uncommon trap: reason=unstable_if action=reinterpret pc=0x000001ea4fda17dc method=java.lang.String.isLatin1()Z @ 10 c2
Event: 0.267 Thread 0x000001ea40cb0800 Uncommon trap: reason=unstable_if action=reinterpret pc=0x000001ea4fdb504c method=java.util.zip.ZipFile$Source.isMetaName([BII)Z @ 43 c2
Event: 0.285 Thread 0x000001ea40cb0800 Uncommon trap: reason=unstable_if action=reinterpret pc=0x000001ea4fdaf220 method=java.util.HashMap.putVal(ILjava/lang/Object;Ljava/lang/Object;ZZ)Ljava/lang/Object; @ 181 c2
Event: 0.401 Thread 0x000001ea40cb0800 Uncommon trap: reason=unstable_if action=reinterpret pc=0x000001ea4fda13f4 method=java.lang.String.isLatin1()Z @ 10 c2
Event: 0.525 Thread 0x000001ea40cb0800 Uncommon trap: reason=unstable_if action=reinterpret pc=0x000001ea4fddb000 method=java.math.BigInteger.addOne([IIII)I @ 55 c2
Event: 0.559 Thread 0x000001ea40cb0800 Uncommon trap: reason=unstable_if action=reinterpret pc=0x000001ea4fdeceec method=java.util.HashMap.getNode(ILjava/lang/Object;)Ljava/util/HashMap$Node; @ 62 c2
Event: 0.559 Thread 0x000001ea40cb0800 Uncommon trap: reason=bimorphic_or_optimized_type_check action=maybe_recompile pc=0x000001ea4fde7c38 method=java.util.HashMap.putVal(ILjava/lang/Object;Ljava/lang/Object;ZZ)Ljava/lang/Object; @ 91 c2
Event: 0.559 Thread 0x000001ea40cb0800 Uncommon trap: reason=bimorphic_or_optimized_type_check action=maybe_recompile pc=0x000001ea4fde7c38 method=java.util.HashMap.putVal(ILjava/lang/Object;Ljava/lang/Object;ZZ)Ljava/lang/Object; @ 91 c2
Event: 0.559 Thread 0x000001ea40cb0800 Uncommon trap: reason=bimorphic_or_optimized_type_check action=maybe_recompile pc=0x000001ea4fde7c38 method=java.util.HashMap.putVal(ILjava/lang/Object;Ljava/lang/Object;ZZ)Ljava/lang/Object; @ 91 c2
Event: 0.560 Thread 0x000001ea40cb0800 Uncommon trap: reason=bimorphic_or_optimized_type_check action=maybe_recompile pc=0x000001ea4fde7c38 method=java.util.HashMap.putVal(ILjava/lang/Object;Ljava/lang/Object;ZZ)Ljava/lang/Object; @ 91 c2

Classes redefined (2 events):
Event: 343.218 Thread 0x000001ea63720800 redefined class name=net.java.authService.service.UserServiceImplTest, count=1
Event: 375.262 Thread 0x000001ea63720800 redefined class name=net.java.authService.service.UserServiceImplTest, count=2

Internal exceptions (6 events):
Event: 0.597 Thread 0x000001ea40cb0800 Exception <a 'java/lang/NoSuchMethodError'{0x000000071367cfd0}: java.lang.invoke.DirectMethodHandle$Holder.invokeSpecialIFC(Ljava/lang/Object;Ljava/lang/Object;I)I> (0x000000071367cfd0) thrown at [./open/src/hotspot/share/interpreter/linkResolver.cpp, lin
Event: 13.160 Thread 0x000001ea40cb0800 Exception <a 'java/lang/NoSuchMethodError'{0x00000007129341d0}: java.lang.invoke.DirectMethodHandle$Holder.invokeStaticInit(Ljava/lang/Object;Ljava/lang/Object;Ljava/lang/Object;Ljava/lang/Object;)I> (0x00000007129341d0) thrown at [./open/src/hotspot/shar
Event: 13.172 Thread 0x000001ea40cb0800 Exception <a 'java/lang/IncompatibleClassChangeError'{0x000000071293daf0}: Found class java.lang.Object, but interface was expected> (0x000000071293daf0) thrown at [./open/src/hotspot/share/interpreter/linkResolver.cpp, line 838]
Event: 13.175 Thread 0x000001ea40cb0800 Exception <a 'java/lang/NoSuchMethodError'{0x0000000712941800}: java.lang.invoke.DirectMethodHandle$Holder.invokeStaticInit(Ljava/lang/Object;Ljava/lang/Object;)V> (0x0000000712941800) thrown at [./open/src/hotspot/share/interpreter/linkResolver.cpp, line
Event: 13.184 Thread 0x000001ea40cb0800 Exception <a 'java/lang/NoSuchMethodError'{0x0000000712949790}: java.lang.invoke.DirectMethodHandle$Holder.invokeStaticInit(Ljava/lang/Object;Ljava/lang/Object;)I> (0x0000000712949790) thrown at [./open/src/hotspot/share/interpreter/linkResolver.cpp, line
Event: 26.242 Thread 0x000001ea40cb0800 Exception <a 'java/lang/ClassNotFoundException'{0x0000000711937820}: java/lang/ClassLoader$ByteBuddyAccessor$V1> (0x0000000711937820) thrown at [./open/src/hotspot/share/classfile/systemDictionary.cpp, line 227]

Events (10 events):
Event: 375.275 Executing VM operation: GetStackTrace done
Event: 375.297 Executing VM operation: GetFrameCount
Event: 375.297 Executing VM operation: GetFrameCount done
Event: 375.297 Executing VM operation: GetOwnedMonitorInfo
Event: 375.297 Executing VM operation: GetOwnedMonitorInfo done
Event: 375.298 Executing VM operation: GetCurrentContendedMonitor
Event: 375.298 Executing VM operation: GetCurrentContendedMonitor done
Event: 375.300 Executing VM operation: GetFrameLocation
Event: 375.300 Executing VM operation: GetFrameLocation done
Event: 375.300 Executing VM operation: GetOrSetLocal


Dynamic libraries:
0x00007ff6a5a90000 - 0x00007ff6a5a9f000 	C:\Program Files\Java\jdk-11.0.13\bin\javaw.exe
0x00007ffc83740000 - 0x00007ffc83949000 	C:\Windows\SYSTEM32\ntdll.dll
0x00007ffc81e80000 - 0x00007ffc81f3d000 	C:\Windows\System32\KERNEL32.DLL
0x00007ffc80ca0000 - 0x00007ffc81019000 	C:\Windows\System32\KERNELBASE.dll
0x00007ffc81240000 - 0x00007ffc81351000 	C:\Windows\System32\ucrtbase.dll
0x00007ffc42140000 - 0x00007ffc42155000 	C:\Program Files\Java\jdk-11.0.13\bin\VCRUNTIME140.dll
0x00007ffc52650000 - 0x00007ffc52668000 	C:\Program Files\Java\jdk-11.0.13\bin\jli.dll
0x00007ffc81bb0000 - 0x00007ffc81c5e000 	C:\Windows\System32\ADVAPI32.dll
0x00007ffc821f0000 - 0x00007ffc82293000 	C:\Windows\System32\msvcrt.dll
0x00007ffc81680000 - 0x00007ffc8171e000 	C:\Windows\System32\sechost.dll
0x00007ffc817d0000 - 0x00007ffc818f0000 	C:\Windows\System32\RPCRT4.dll
0x00007ffc82020000 - 0x00007ffc821cc000 	C:\Windows\System32\USER32.dll
0x00007ffc810a0000 - 0x00007ffc810c6000 	C:\Windows\System32\win32u.dll
0x00007ffc60a30000 - 0x00007ffc60cd5000 	C:\Windows\WinSxS\amd64_microsoft.windows.common-controls_6595b64144ccf1df_6.0.22000.120_none_9d947278b86cc467\COMCTL32.dll
0x00007ffc81b80000 - 0x00007ffc81ba9000 	C:\Windows\System32\GDI32.dll
0x00007ffc814c0000 - 0x00007ffc815d2000 	C:\Windows\System32\gdi32full.dll
0x00007ffc81420000 - 0x00007ffc814bd000 	C:\Windows\System32\msvcp_win.dll
0x00007ffc77320000 - 0x00007ffc7732a000 	C:\Windows\SYSTEM32\VERSION.dll
0x00007ffc81d60000 - 0x00007ffc81d91000 	C:\Windows\System32\IMM32.DLL
0x00007ffc54570000 - 0x00007ffc5460b000 	C:\Program Files\Java\jdk-11.0.13\bin\msvcp140.dll
0x00007ffc13df0000 - 0x00007ffc14903000 	C:\Program Files\Java\jdk-11.0.13\bin\server\jvm.dll
0x00007ffc81670000 - 0x00007ffc81678000 	C:\Windows\System32\PSAPI.DLL
0x00007ffc5c290000 - 0x00007ffc5c299000 	C:\Windows\SYSTEM32\WSOCK32.dll
0x00007ffc7e870000 - 0x00007ffc7e8a3000 	C:\Windows\SYSTEM32\WINMM.dll
0x00007ffc81cf0000 - 0x00007ffc81d5f000 	C:\Windows\System32\WS2_32.dll
0x00007ffc7fe20000 - 0x00007ffc7fe38000 	C:\Windows\SYSTEM32\kernel.appcore.dll
0x00007ffc7c3a0000 - 0x00007ffc7c3b0000 	C:\Program Files\Java\jdk-11.0.13\bin\verify.dll
0x00007ffc7e610000 - 0x00007ffc7e831000 	C:\Windows\SYSTEM32\DBGHELP.DLL
0x00007ffc7e5d0000 - 0x00007ffc7e601000 	C:\Windows\SYSTEM32\dbgcore.DLL
0x00007ffc81020000 - 0x00007ffc8109f000 	C:\Windows\System32\bcryptPrimitives.dll
0x00007ffc54540000 - 0x00007ffc54568000 	C:\Program Files\Java\jdk-11.0.13\bin\java.dll
0x00007ffc7c390000 - 0x00007ffc7c39a000 	C:\Program Files\Java\jdk-11.0.13\bin\jimage.dll
0x00007ffc45310000 - 0x00007ffc45348000 	C:\Program Files\Java\jdk-11.0.13\bin\jdwp.dll
0x00007ffc69a60000 - 0x00007ffc69a6e000 	C:\Program Files\Java\jdk-11.0.13\bin\instrument.dll
0x00007ffc54520000 - 0x00007ffc54536000 	C:\Program Files\Java\jdk-11.0.13\bin\zip.dll
0x00007ffc82820000 - 0x00007ffc82fcf000 	C:\Windows\System32\SHELL32.dll
0x00007ffc7eda0000 - 0x00007ffc7f608000 	C:\Windows\SYSTEM32\windows.storage.dll
0x00007ffc82310000 - 0x00007ffc82688000 	C:\Windows\System32\combase.dll
0x00007ffc7ec30000 - 0x00007ffc7ed96000 	C:\Windows\SYSTEM32\wintypes.dll
0x00007ffc82fd0000 - 0x00007ffc830ba000 	C:\Windows\System32\SHCORE.dll
0x00007ffc827c0000 - 0x00007ffc8281d000 	C:\Windows\System32\shlwapi.dll
0x00007ffc80b60000 - 0x00007ffc80b81000 	C:\Windows\SYSTEM32\profapi.dll
0x00007ffc6aef0000 - 0x00007ffc6aefa000 	C:\Program Files\Java\jdk-11.0.13\bin\dt_socket.dll
0x00007ffc80250000 - 0x00007ffc802b7000 	C:\Windows\System32\mswsock.dll
0x00007ffc7f940000 - 0x00007ffc7fa28000 	C:\Windows\SYSTEM32\DNSAPI.dll
0x00007ffc7f8d0000 - 0x00007ffc7f8fd000 	C:\Windows\SYSTEM32\IPHLPAPI.DLL
0x00007ffc830c0000 - 0x00007ffc830c9000 	C:\Windows\System32\NSI.dll
0x00007ffc773a0000 - 0x00007ffc77421000 	C:\Windows\System32\fwpuclnt.dll
0x00007ffc72a70000 - 0x00007ffc72a7a000 	C:\Windows\System32\rasadhlp.dll
0x00007ffc54500000 - 0x00007ffc54519000 	C:\Program Files\Java\jdk-11.0.13\bin\net.dll
0x00007ffc7a9c0000 - 0x00007ffc7aacc000 	C:\Windows\SYSTEM32\WINHTTP.dll
0x00007ffc544e0000 - 0x00007ffc544f2000 	C:\Program Files\Java\jdk-11.0.13\bin\nio.dll

dbghelp: loaded successfully - version: 4.0.5 - missing functions: none
symbol engine: initialized successfully - sym options: 0x614 - pdb path: .;C:\Program Files\Java\jdk-11.0.13\bin;C:\Windows\SYSTEM32;C:\Windows\WinSxS\amd64_microsoft.windows.common-controls_6595b64144ccf1df_6.0.22000.120_none_9d947278b86cc467;C:\Program Files\Java\jdk-11.0.13\bin\server

VM Arguments:
jvm_args: -agentlib:jdwp=transport=dt_socket,suspend=y,address=localhost:56339 -ea -javaagent:C:\Users\rames\eclipse\jee-2021-12\eclipse\configuration\org.eclipse.osgi\418\0\.cp\lib\javaagent-shaded.jar -Dfile.encoding=UTF-8 
java_command: org.eclipse.jdt.internal.junit.runner.RemoteTestRunner -version 3 -port 56338 -testLoaderClass org.eclipse.jdt.internal.junit4.runner.JUnit4TestLoader -loaderpluginname org.eclipse.jdt.junit4.runtime -test net.java.authService.service.UserServiceImplTest:testRegisterWithException
java_class_path (initial): C:\Students Project\authentication-service\authentication-service\target\test-classes;C:\Students Project\authentication-service\authentication-service\target\classes;C:\Users\rames\.p2\pool\plugins\org.junit_4.13.2.v20211018-1956.jar;C:\Users\rames\.p2\pool\plugins\org.hamcrest.core_1.3.0.v20180420-1519.jar;C:\Users\rames\.m2\repository\org\springframework\cloud\spring-cloud-starter-netflix-eureka-client\3.1.3\spring-cloud-starter-netflix-eureka-client-3.1.3.jar;C:\Users\rames\.m2\repository\org\springframework\cloud\spring-cloud-starter\3.1.3\spring-cloud-starter-3.1.3.jar;C:\Users\rames\.m2\repository\org\springframework\cloud\spring-cloud-context\3.1.3\spring-cloud-context-3.1.3.jar;C:\Users\rames\.m2\repository\org\springframework\security\spring-security-crypto\5.7.1\spring-security-crypto-5.7.1.jar;C:\Users\rames\.m2\repository\org\springframework\cloud\spring-cloud-commons\3.1.3\spring-cloud-commons-3.1.3.jar;C:\Users\rames\.m2\repository\org\springframework\security\spring-security-rsa\1.0.10.RELEASE\spring-security-rsa-1.0.10.RELEASE.jar;C:\Users\rames\.m2\repository\org\bouncycastle\bcpkix-jdk15on\1.68\bcpkix-jdk15on-1.68.jar;C:\Users\rames\.m2\repository\org\bouncycastle\bcprov-jdk15on\1.68\bcprov-jdk15on-1.68.jar;C:\Users\rames\.m2\repository\org\springframework\cloud\spring-cloud-netflix-eureka-client\3.1.3\spring-cloud-netflix-eureka-client-3.1.3.jar;C:\Users\rames\.m2\repository\com\netflix\eureka\eureka-client\1.10.17\eureka-client-1.10.17.jar;C:\Users\rames\.m2\repository\com\netflix\netflix-commons\netflix-eventbus\0.3.0\netflix-eventbus-0.3.0.jar;C:\Users\rames\.m2\repository\com\netflix\netflix-commons\netflix-infix\0.3.0\netflix-infix-0.3.0.jar;C:\Users\rames\.m2\repository\commons-jxpath\commons-jxpath\1.3\commons-jxpath-1.3.jar;C:\Users\rames\.m2\repository\joda-time\joda-time\2.3\joda-time-2.3.jar;C:\Users\rames\.m2\repository\org\antlr\antlr-runtime\3.4\antlr-runtime-3.4.jar;C:\Users\rames\.m2\repository\org\ant
Launcher Type: SUN_STANDARD

[Global flags]
     intx CICompilerCount                          = 4                                         {product} {ergonomic}
     uint ConcGCThreads                            = 2                                         {product} {ergonomic}
     uint G1ConcRefinementThreads                  = 8                                         {product} {ergonomic}
   size_t G1HeapRegionSize                         = 1048576                                   {product} {ergonomic}
    uintx GCDrainStackTargetSize                   = 64                                        {product} {ergonomic}
   size_t InitialHeapSize                          = 264241152                                 {product} {ergonomic}
   size_t MarkStackSize                            = 4194304                                   {product} {ergonomic}
   size_t MaxHeapSize                              = 4227858432                                {product} {ergonomic}
   size_t MaxNewSize                               = 2536505344                                {product} {ergonomic}
   size_t MinHeapDeltaBytes                        = 1048576                                   {product} {ergonomic}
    uintx NonNMethodCodeHeapSize                   = 5836300                                {pd product} {ergonomic}
    uintx NonProfiledCodeHeapSize                  = 122910970                              {pd product} {ergonomic}
    uintx ProfiledCodeHeapSize                     = 122910970                              {pd product} {ergonomic}
    uintx ReservedCodeCacheSize                    = 251658240                              {pd product} {ergonomic}
     bool SegmentedCodeCache                       = true                                      {product} {ergonomic}
     bool UseCompressedClassPointers               = true                                 {lp64_product} {ergonomic}
     bool UseCompressedOops                        = true                                 {lp64_product} {ergonomic}
     bool UseG1GC                                  = true                                      {product} {ergonomic}
     bool UseLargePagesIndividualAllocation        = false                                  {pd product} {ergonomic}

Logging:
Log output configuration:
 #0: stdout all=warning uptime,level,tags
 #1: stderr all=off uptime,level,tags

Environment Variables:
JAVA_HOME=C:\Program Files\Java\jdk-11.0.13
PATH=C:\Program Files\Common Files\Oracle\Java\javapath;C:\Program Files (x86)\Common Files\Oracle\Java\javapath;C:\Windows\system32;C:\Windows;C:\Windows\System32\Wbem;C:\Windows\System32\WindowsPowerShell\v1.0\;C:\Windows\System32\OpenSSH\;C:\Program Files\Java\jdk-11.0.13\bin;C:\Maven\apache-maven-3.8.4\bin;C:\Projects\proto\bin;C:\Program Files\nodejs\;C:\Program Files\Git\cmd;C:\Program Files\dotnet\;C:\Gradle\gradle-7.3.3-all\gradle-7.3.3\bin;C:\Program Files\MySQL\MySQL Shell 8.0\bin\;C:\Users\rames\AppData\Local\Microsoft\WindowsApps;;C:\Users\rames\AppData\Local\Programs\Microsoft VS Code\bin;C:\Users\rames\AppData\Roaming\npm
USERNAME=rames
OS=Windows_NT
PROCESSOR_IDENTIFIER=Intel64 Family 6 Model 140 Stepping 2, GenuineIntel



---------------  S Y S T E M  ---------------

OS: Windows 10 , 64 bit Build 22000 (10.0.22000.675)

CPU:total 8 (initial active 8) (4 cores per cpu, 2 threads per core) family 6 model 140 stepping 2 microcode 0x16, cmov, cx8, fxsr, mmx, sse, sse2, sse3, ssse3, sse4.1, sse4.2, popcnt, avx, avx2, aes, clmul, erms, 3dnowpref, lzcnt, ht, tsc, tscinvbit, bmi1, bmi2, adx, evex, sha, fma

Memory: 4k page, system-wide physical 16122M (3408M free)
TotalPageFile size 36376M (AvailPageFile size 5564M)
current process WorkingSet (physical memory assigned to process): 124M, peak: 124M
current process commit charge ("private bytes"): 358M, peak: 358M

vm_info: Java HotSpot(TM) 64-Bit Server VM (11.0.13+10-LTS-370) for windows-amd64 JRE (11.0.13+10-LTS-370), built on Sep 15 2021 22:10:36 by "mach5one" with MS VC++ 15.9 (VS2017)

END.
